2020/09/24 14:25:41 {"callers":["/mnt/d/all.git/gocode/src/github.com/zhaopeilin1/go-excercise/practice/programming-tour/blog-service/main.go:25 main.init.0"],"level":"info","message":"eddycjy: go-programing-tour-book/blog-service","time":1600928741176654900}
2020/09/24 14:26:36 {"callers":["/mnt/d/all.git/gocode/src/github.com/zhaopeilin1/go-excercise/practice/programming-tour/blog-service/main.go:25 main.init.0"],"level":"error","message":"svc.CountTag err: no such table: blog_tag","time":1600928796426199500}
2020/09/24 14:39:05 {"callers":["/mnt/d/all.git/gocode/src/github.com/zhaopeilin1/go-excercise/practice/library/main.go:25 main.init.0"],"level":"info","message":"eddycjy: go-programing-tour-book/library","time":1600929545352627700}
2020/09/24 14:39:32 {"callers":["/mnt/d/all.git/gocode/src/github.com/zhaopeilin1/go-excercise/practice/library/main.go:25 main.init.0"],"level":"error","message":"svc.CountTag err: no such table: blog_tag","time":1600929572642919700}
2020/09/24 14:43:00 {"callers":["/mnt/d/all.git/gocode/src/github.com/zhaopeilin1/go-excercise/practice/library/main.go:25 main.init.0"],"level":"info","message":"eddycjy: go-programing-tour-book/library","time":1600929780335484000}
2020/09/24 14:43:08 {"callers":["/mnt/d/all.git/gocode/src/github.com/zhaopeilin1/go-excercise/practice/library/main.go:25 main.init.0"],"level":"error","message":"svc.CountTag err: no such table: blog_tag","time":1600929788213192100}
2020/09/24 14:43:09 {"callers":["/mnt/d/all.git/gocode/src/github.com/zhaopeilin1/go-excercise/practice/library/main.go:25 main.init.0"],"level":"error","message":"svc.CountTag err: no such table: blog_tag","time":1600929789710898700}
2020/09/24 14:43:57 {"callers":["/mnt/d/all.git/gocode/src/github.com/zhaopeilin1/go-excercise/practice/library/main.go:25 main.init.0"],"level":"info","message":"eddycjy: go-programing-tour-book/library","time":1600929837250906400}
2020/09/26 20:17:55 {"callers":["/mnt/d/all.git/gocode/src/github.com/zhaopeilin1/go-excercise/practice/library/main.go:25 main.init.0"],"level":"info","message":"eddycjy: go-programing-tour-book/library","time":1601122675268190000}
2020/09/26 20:21:33 {"callers":["/mnt/d/all.git/gocode/src/github.com/zhaopeilin1/go-excercise/practice/library/main.go:25 main.init.0"],"level":"error","message":"svc.UploadFile err:exceeded maximum file limit.","time":1601122893269230000}
2020/09/26 20:28:19 {"callers":["/mnt/d/all.git/gocode/src/github.com/zhaopeilin1/go-excercise/practice/library/main.go:25 main.init.0"],"level":"info","message":"eddycjy: go-programing-tour-book/library","time":1601123299516788000}
2020/09/26 21:43:24 {"callers":["/mnt/d/all.git/gocode/src/github.com/zhaopeilin1/go-excercise/practice/library/main.go:25 main.init.0"],"level":"info","message":"eddycjy: go-programing-tour-book/library","time":1601127804189434500}
2020/09/26 23:31:28 {"callers":["/mnt/d/all.git/gocode/src/github.com/zhaopeilin1/go-excercise/practice/library/main.go:27 main.init.0"],"level":"info","message":"eddycjy: go-programing-tour-book/library","time":1601134288088069400}
2020/09/26 23:32:08 {"callers":["/mnt/d/all.git/gocode/src/github.com/zhaopeilin1/go-excercise/practice/library/main.go:27 main.init.0"],"level":"info","message":"eddycjy: go-programing-tour-book/library","time":1601134328501791500}
2020/09/26 23:35:23 {"callers":["/mnt/d/all.git/gocode/src/github.com/zhaopeilin1/go-excercise/practice/library/main.go:27 main.init.0"],"level":"info","message":"eddycjy: go-programing-tour-book/library","time":1601134523193298400}
2020/09/26 23:37:04 {"callers":["/mnt/d/all.git/gocode/src/github.com/zhaopeilin1/go-excercise/practice/library/main.go:27 main.init.0"],"level":"info","message":"eddycjy: go-programing-tour-book/library","time":1601134624726678800}
2020/09/26 23:40:41 {"callers":["/mnt/d/all.git/gocode/src/github.com/zhaopeilin1/go-excercise/practice/library/main.go:27 main.init.0"],"level":"error","message":"title:bcontent:\"37\"\r\n\"38\"\r\n\"39\"\r\n\"4","time":1601134841756358500}
2020/09/26 23:42:17 {"callers":["/mnt/d/all.git/gocode/src/github.com/zhaopeilin1/go-excercise/practice/library/main.go:27 main.init.0"],"level":"info","message":"eddycjy: go-programing-tour-book/library","time":1601134937078647200}
2020/09/26 23:44:29 {"callers":["/mnt/d/all.git/gocode/src/github.com/zhaopeilin1/go-excercise/practice/library/main.go:27 main.init.0"],"level":"error","message":"svc.UploadFile err:failed suffix is not supported.","time":1601135069315047800}
2020/09/26 23:45:15 {"callers":["/mnt/d/all.git/gocode/src/github.com/zhaopeilin1/go-excercise/practice/library/main.go:27 main.init.0"],"level":"error","message":"svc.UploadFile err:failed suffix is not supported.","time":1601135115958545900}
2020/09/26 23:54:40 {"callers":["/mnt/d/all.git/gocode/src/github.com/zhaopeilin1/go-excercise/practice/library/main.go:27 main.init.0"],"level":"info","message":"eddycjy: go-programing-tour-book/library","time":1601135680647805500}
2020/09/26 23:54:48 {"callers":["/mnt/d/all.git/gocode/src/github.com/zhaopeilin1/go-excercise/practice/library/main.go:27 main.init.0"],"level":"error","message":"svc.UploadFile err:failed suffix is not supported.","time":1601135688180729400}
2020/09/26 23:56:18 {"callers":["/mnt/d/all.git/gocode/src/github.com/zhaopeilin1/go-excercise/practice/library/main.go:27 main.init.0"],"level":"info","message":"eddycjy: go-programing-tour-book/library","time":1601135778985940500}
2020/09/26 23:56:27 {"callers":["/mnt/d/all.git/gocode/src/github.com/zhaopeilin1/go-excercise/practice/library/main.go:27 main.init.0"],"level":"error","message":"svc.UploadFile err:failed suffix is not supported.","time":1601135787304517000}
2020/09/26 23:57:55 {"callers":["/mnt/d/all.git/gocode/src/github.com/zhaopeilin1/go-excercise/practice/library/main.go:27 main.init.0"],"level":"info","message":"title:大盗贼content:\r\n------------\r\n\r\n\ufffd\ufffd","time":1601135875954459100}
2020/09/27 00:00:38 {"callers":["/mnt/d/all.git/gocode/src/github.com/zhaopeilin1/go-excercise/practice/library/main.go:27 main.init.0"],"level":"info","message":"title:大盗贼content:\r\n------------\r\n\r\n\ufffd\ufffd","time":1601136038897088700}
2020/09/27 00:00:38 {"callers":["/mnt/d/all.git/gocode/src/github.com/zhaopeilin1/go-excercise/practice/library/main.go:27 main.init.0"],"level":"info","message":"title:大盗贼content:\r\n------------\r\n\r\n\ufffd\ufffd","time":1601136038911349800}
2020/09/27 00:00:54 {"callers":["/mnt/d/all.git/gocode/src/github.com/zhaopeilin1/go-excercise/practice/library/main.go:27 main.init.0"],"level":"info","message":"eddycjy: go-programing-tour-book/library","time":1601136054593108200}
2020/09/27 00:01:05 {"callers":["/mnt/d/all.git/gocode/src/github.com/zhaopeilin1/go-excercise/practice/library/main.go:27 main.init.0"],"level":"info","message":"title:大盗贼content:\r\n------------\r\n\r\n\ufffd\ufffd","time":1601136065764114800}
2020/09/27 00:01:09 {"callers":["/mnt/d/all.git/gocode/src/github.com/zhaopeilin1/go-excercise/practice/library/main.go:27 main.init.0"],"level":"info","message":"title:大盗贼content:\r\n------------\r\n\r\n\ufffd\ufffd","time":1601136069180251900}
2020/09/27 00:01:11 {"callers":["/mnt/d/all.git/gocode/src/github.com/zhaopeilin1/go-excercise/practice/library/main.go:27 main.init.0"],"level":"info","message":"title:大盗贼content:\r\n------------\r\n\r\n\ufffd\ufffd","time":1601136071340200300}
2020/09/27 00:07:02 {"callers":["/mnt/d/all.git/gocode/src/github.com/zhaopeilin1/go-excercise/practice/library/main.go:27 main.init.0"],"level":"info","message":"eddycjy: go-programing-tour-book/library","time":1601136422803991800}
2020/09/27 00:07:08 {"callers":["/mnt/d/all.git/gocode/src/github.com/zhaopeilin1/go-excercise/practice/library/main.go:27 main.init.0"],"level":"info","message":"title:大盗贼content:\r\n------------\r\n\r\n章节目录\r\n\r\n\r\n------------\r\n\r\n第001章 重生\r\n\r\n    “哥哥要去找工作","time":1601136428723261200}
2020/09/27 00:08:45 {"callers":["/mnt/d/all.git/gocode/src/github.com/zhaopeilin1/go-excercise/practice/library/main.go:27 main.init.0"],"level":"info","message":"eddycjy: go-programing-tour-book/library","time":1601136525306679200}
2020/09/27 00:08:58 {"callers":["/mnt/d/all.git/gocode/src/github.com/zhaopeilin1/go-excercise/practice/library/main.go:27 main.init.0"],"level":"info","message":"title:大盗贼content:\r\n------------\r\n\r\n章节目录\r\n\r\n\r\n------------\r\n\r\n第001章 重生\r\n\r\n    “哥哥要去找工作了，你在家里好好写作业，这里是十块钱，中午别忘了出去买点东西吃。\u003cstrong\u003etxt小说下载wWw.80txt.COM\u003c/strong","time":1601136538346975300}
2020/09/27 00:11:28 {"callers":["/mnt/d/all.git/gocode/src/github.com/zhaopeilin1/go-excercise/practice/library/main.go:27 main.init.0"],"level":"info","message":"eddycjy: go-programing-tour-book/library","time":1601136688240376400}
2020/09/27 00:11:57 {"callers":["/mnt/d/all.git/gocode/src/github.com/zhaopeilin1/go-excercise/practice/library/main.go:27 main.init.0"],"level":"info","message":"title:大盗贼content:\r\n------------\r\n\r\n章节目录\r\n\r\n\r\n------------\r\n\r\n第001章 重生\r\n\r\n    “哥哥要去找工作了，你在家里好好写作业，这里是十块钱，中午别忘了出去买点东西吃。\u003cstrong\u003etxt小说下载wWw.80txt.COM\u003c/strong","time":1601136717072270000}
2020/09/27 15:36:17 {"callers":["/mnt/d/all.git/gocode/src/github.com/zhaopeilin1/go-excercise/practice/library/main.go:27 main.init.0"],"level":"info","message":"eddycjy: go-programing-tour-book/library","time":1601192177043772900}
2020/09/29 00:30:22 {"callers":["/mnt/d/all.git/gocode/src/github.com/zhaopeilin1/go-excercise/practice/library/main.go:27 main.init.0"],"level":"info","message":"eddycjy: go-programing-tour-book/library","time":1601310622759412700}
2020/09/29 00:32:51 {"callers":["/mnt/d/all.git/gocode/src/github.com/zhaopeilin1/go-excercise/practice/library/main.go:27 main.init.0"],"level":"info","message":"eddycjy: go-programing-tour-book/library","time":1601310771100655700}
2020/09/29 00:38:09 {"callers":["/mnt/d/all.git/gocode/src/github.com/zhaopeilin1/go-excercise/practice/library/main.go:27 main.init.0"],"level":"info","message":"eddycjy: go-programing-tour-book/library","time":1601311089027571400}
2020/09/29 00:40:13 {"callers":["/mnt/d/all.git/gocode/src/github.com/zhaopeilin1/go-excercise/practice/library/main.go:27 main.init.0"],"level":"info","message":"eddycjy: go-programing-tour-book/library","time":1601311213346590500}
2020/09/29 00:41:27 {"callers":["/mnt/d/all.git/gocode/src/github.com/zhaopeilin1/go-excercise/practice/library/main.go:27 main.init.0"],"level":"info","message":"eddycjy: go-programing-tour-book/library","time":1601311287193944000}
2020/09/29 00:44:15 {"callers":["/mnt/d/all.git/gocode/src/github.com/zhaopeilin1/go-excercise/practice/library/main.go:27 main.init.0"],"level":"info","message":"eddycjy: go-programing-tour-book/library","time":1601311455944476100}
2020/09/29 00:44:28 {"callers":["/mnt/d/all.git/gocode/src/github.com/zhaopeilin1/go-excercise/practice/library/main.go:27 main.init.0"],"level":"info","message":"eddycjy: go-programing-tour-book/library","time":1601311468495748500}
2020/09/29 00:52:07 {"callers":["/mnt/d/all.git/gocode/src/github.com/zhaopeilin1/go-excercise/practice/library/main.go:27 main.init.0"],"level":"info","message":"eddycjy: go-programing-tour-book/library","time":1601311927492164900}
2020/09/29 00:53:49 {"callers":["/mnt/d/all.git/gocode/src/github.com/zhaopeilin1/go-excercise/practice/library/main.go:27 main.init.0"],"level":"info","message":"eddycjy: go-programing-tour-book/library","time":1601312029690007300}
2020/09/29 01:09:45 {"callers":["/mnt/d/all.git/gocode/src/github.com/zhaopeilin1/go-excercise/practice/library/main.go:27 main.init.0"],"level":"info","message":"eddycjy: go-programing-tour-book/library","time":1601312985685690400}
2020/09/29 01:11:17 {"callers":["/mnt/d/all.git/gocode/src/github.com/zhaopeilin1/go-excercise/practice/library/main.go:27 main.init.0"],"level":"info","message":"eddycjy: go-programing-tour-book/library","time":1601313077301579900}
2020/09/30 23:45:43 {"callers":["/mnt/d/all.git/gocode/src/github.com/zhaopeilin1/go-excercise/practice/library/main.go:27 main.init.0"],"level":"info","message":"eddycjy: go-programing-tour-book/library","time":1601480743200801900}
2020/10/01 11:18:24 {"callers":["/mnt/d/all.git/gocode/src/github.com/zhaopeilin1/go-excercise/practice/library/main.go:27 main.init.0"],"level":"info","message":"eddycjy: go-programing-tour-book/library","time":1601522304169881000}
2020/10/01 11:20:03 {"callers":["/mnt/d/all.git/gocode/src/github.com/zhaopeilin1/go-excercise/practice/library/main.go:27 main.init.0"],"level":"info","message":"eddycjy: go-programing-tour-book/library","time":1601522403623662600}
2020/10/01 11:20:51 {"callers":["/mnt/d/all.git/gocode/src/github.com/zhaopeilin1/go-excercise/practice/library/main.go:27 main.init.0"],"level":"info","message":"eddycjy: go-programing-tour-book/library","time":1601522451689298900}
2020/10/01 11:24:39 {"callers":["/mnt/d/all.git/gocode/src/github.com/zhaopeilin1/go-excercise/practice/library/main.go:27 main.init.0"],"level":"info","message":"eddycjy: go-programing-tour-book/library","time":1601522679669657200}
2020/10/02 14:55:03 {"callers":["/mnt/d/all.git/gocode/src/github.com/zhaopeilin1/go-excercise/practice/library/main.go:27 main.init.0"],"level":"info","message":"eddycjy: go-programing-tour-book/library","time":1601621703865270200}
2020/10/02 14:56:29 {"callers":["/mnt/d/all.git/gocode/src/github.com/zhaopeilin1/go-excercise/practice/library/main.go:27 main.init.0"],"level":"info","message":"eddycjy: go-programing-tour-book/library","time":1601621789783134400}
2020/10/02 15:03:31 {"callers":["/mnt/d/all.git/gocode/src/github.com/zhaopeilin1/go-excercise/practice/library/main.go:27 main.init.0"],"level":"info","message":"eddycjy: go-programing-tour-book/library","time":1601622211834330400}
2020/10/02 15:05:49 {"callers":["/mnt/d/all.git/gocode/src/github.com/zhaopeilin1/go-excercise/practice/library/main.go:27 main.init.0"],"level":"info","message":"eddycjy: go-programing-tour-book/library","time":1601622349492148300}
2020/10/02 16:37:13 {"callers":["/mnt/d/all.git/gocode/src/github.com/zhaopeilin1/go-excercise/practice/library/main.go:27 main.init.0"],"level":"info","message":"eddycjy: go-programing-tour-book/library","time":1601627833467436200}
2020/10/02 16:45:28 {"callers":["/mnt/d/all.git/gocode/src/github.com/zhaopeilin1/go-excercise/practice/library/main.go:28 main.init.0"],"level":"info","message":"eddycjy: go-programing-tour-book/library","time":1601628328567578900}
2020/10/02 16:47:16 {"callers":["/mnt/d/all.git/gocode/src/github.com/zhaopeilin1/go-excercise/practice/library/main.go:28 main.init.0"],"level":"info","message":"eddycjy: go-programing-tour-book/library","time":1601628436034613700}
2020/10/02 17:15:23 {"callers":["/mnt/d/all.git/gocode/src/github.com/zhaopeilin1/go-excercise/practice/library/main.go:28 main.init.0"],"level":"info","message":"eddycjy: go-programing-tour-book/library","time":1601630123609238700}
2020/10/03 13:04:56 {"callers":["/mnt/d/all.git/gocode/src/github.com/zhaopeilin1/go-excercise/practice/library/main.go:28 main.init.0"],"level":"info","message":"eddycjy: go-programing-tour-book/library","time":1601701496509942500}
2020/10/03 13:08:23 {"callers":["/mnt/d/all.git/gocode/src/github.com/zhaopeilin1/go-excercise/practice/library/main.go:28 main.init.0"],"level":"error","message":"svc.CountTag err: no such table: blog_tag","time":1601701703125764800}
2020/10/03 13:16:38 {"callers":["/mnt/d/all.git/gocode/src/github.com/zhaopeilin1/go-excercise/practice/library/main.go:28 main.init.0"],"level":"error","message":"svc.CountTag err: no such table: blog_tag","time":1601702198634835700}
2020/10/03 15:31:05 {"callers":["/mnt/d/all.git/gocode/src/github.com/zhaopeilin1/go-excercise/practice/library/main.go:28 main.init.0"],"level":"info","message":"eddycjy: go-programing-tour-book/library","time":1601710265452519800}
2020/10/03 15:31:10 {"callers":["/mnt/d/all.git/gocode/src/github.com/zhaopeilin1/go-excercise/practice/library/main.go:28 main.init.0"],"level":"error","message":"svc.GetTagList err :no such table: blog_tag","time":1601710270481546700}
2020/10/03 15:32:52 {"callers":["/mnt/d/all.git/gocode/src/github.com/zhaopeilin1/go-excercise/practice/library/main.go:28 main.init.0"],"level":"info","message":"eddycjy: go-programing-tour-book/library","time":1601710372729693400}
2020/10/03 19:05:53 {"callers":["/mnt/d/all.git/gocode/src/github.com/zhaopeilin1/go-excercise/practice/library/main.go:28 main.init.0"],"level":"info","message":"eddycjy: go-programing-tour-book/library","time":1601723153617859400}
2020/10/03 19:10:22 {"callers":["/mnt/d/all.git/gocode/src/github.com/zhaopeilin1/go-excercise/practice/library/main.go:28 main.init.0"],"level":"info","message":"eddycjy: go-programing-tour-book/library","time":1601723422430167600}
2020/10/03 19:12:08 {"callers":["/mnt/d/all.git/gocode/src/github.com/zhaopeilin1/go-excercise/practice/library/main.go:28 main.init.0"],"level":"info","message":"eddycjy: go-programing-tour-book/library","time":1601723528943404600}
2020/10/03 19:17:56 {"callers":["/mnt/d/all.git/gocode/src/github.com/zhaopeilin1/go-excercise/practice/library/main.go:28 main.init.0"],"level":"info","message":"eddycjy: go-programing-tour-book/library","time":1601723876615705200}
2020/10/03 19:20:56 {"callers":["/mnt/d/all.git/gocode/src/github.com/zhaopeilin1/go-excercise/practice/library/main.go:28 main.init.0"],"level":"info","message":"eddycjy: go-programing-tour-book/library","time":1601724056347733200}
2020/10/03 20:06:03 {"callers":["/mnt/d/all.git/gocode/src/github.com/zhaopeilin1/go-excercise/practice/library/main.go:28 main.init.0"],"level":"info","message":"eddycjy: go-programing-tour-book/library","time":1601726763120069800}
2020/10/03 20:07:38 {"callers":["/mnt/d/all.git/gocode/src/github.com/zhaopeilin1/go-excercise/practice/library/main.go:28 main.init.0"],"level":"info","message":"eddycjy: go-programing-tour-book/library","time":1601726858899202200}
2020/10/03 20:08:36 {"callers":["/mnt/d/all.git/gocode/src/github.com/zhaopeilin1/go-excercise/practice/library/main.go:28 main.init.0"],"level":"info","message":"eddycjy: go-programing-tour-book/library","time":1601726916857019500}
2020/10/03 20:15:08 {"callers":["/mnt/d/all.git/gocode/src/github.com/zhaopeilin1/go-excercise/practice/library/main.go:28 main.init.0"],"level":"info","message":"eddycjy: go-programing-tour-book/library","time":1601727308922214000}
2020/10/03 20:16:52 {"callers":["/mnt/d/all.git/gocode/src/github.com/zhaopeilin1/go-excercise/practice/library/main.go:28 main.init.0"],"level":"info","message":"eddycjy: go-programing-tour-book/library","time":1601727412109324300}
2020/10/03 20:25:54 {"callers":["/mnt/d/all.git/gocode/src/github.com/zhaopeilin1/go-excercise/practice/library/main.go:28 main.init.0"],"level":"info","message":"eddycjy: go-programing-tour-book/library","time":1601727954371894900}
2020/10/04 16:38:49 {"callers":["/mnt/d/all.git/gocode/src/github.com/zhaopeilin1/go-excercise/practice/library/main.go:28 main.init.0"],"level":"info","message":"eddycjy: go-programing-tour-book/library","time":1601800729882218800}
2020/10/04 16:41:17 {"callers":["/mnt/d/all.git/gocode/src/github.com/zhaopeilin1/go-excercise/practice/library/main.go:28 main.init.0"],"level":"info","message":"eddycjy: go-programing-tour-book/library","time":1601800877740631300}
2020/10/04 16:41:23 {"callers":["/mnt/d/all.git/gocode/src/github.com/zhaopeilin1/go-excercise/practice/library/main.go:28 main.init.0"],"level":"info","message":"eddycjy: go-programing-tour-book/library","time":1601800883964841800}
2020/10/04 16:42:43 {"callers":["/mnt/d/all.git/gocode/src/github.com/zhaopeilin1/go-excercise/practice/library/main.go:28 main.init.0"],"level":"info","message":"eddycjy: go-programing-tour-book/library","time":1601800963924129800}
2020/10/04 16:46:48 {"callers":["/mnt/d/all.git/gocode/src/github.com/zhaopeilin1/go-excercise/practice/library/main.go:28 main.init.0"],"level":"info","message":"eddycjy: go-programing-tour-book/library","time":1601801208281752200}
2020/10/04 16:50:10 {"callers":["/mnt/d/all.git/gocode/src/github.com/zhaopeilin1/go-excercise/practice/library/main.go:28 main.init.0"],"level":"info","message":"eddycjy: go-programing-tour-book/library","time":1601801410373682600}
2020/10/04 16:51:29 {"callers":["/mnt/d/all.git/gocode/src/github.com/zhaopeilin1/go-excercise/practice/library/main.go:28 main.init.0"],"level":"info","message":"eddycjy: go-programing-tour-book/library","time":1601801489505704100}
2020/10/04 16:53:11 {"callers":["/mnt/d/all.git/gocode/src/github.com/zhaopeilin1/go-excercise/practice/library/main.go:28 main.init.0"],"level":"info","message":"eddycjy: go-programing-tour-book/library","time":1601801591373122900}
2020/10/04 17:06:30 {"callers":["/mnt/d/all.git/gocode/src/github.com/zhaopeilin1/go-excercise/practice/library/main.go:28 main.init.0"],"level":"info","message":"eddycjy: go-programing-tour-book/library","time":1601802390346084200}
2020/10/04 17:09:07 {"callers":["/mnt/d/all.git/gocode/src/github.com/zhaopeilin1/go-excercise/practice/library/main.go:28 main.init.0"],"level":"info","message":"eddycjy: go-programing-tour-book/library","time":1601802547520898300}
2020/10/04 17:17:59 {"callers":["/mnt/d/all.git/gocode/src/github.com/zhaopeilin1/go-excercise/practice/library/main.go:28 main.init.0"],"level":"info","message":"eddycjy: go-programing-tour-book/library","time":1601803079936213600}
2020/10/15 12:47:59 {"callers":["/mnt/d/all.git/gocode/src/github.com/zhaopeilin1/go-excercise/practice/library/main.go:28 main.init.0"],"level":"info","message":"eddycjy: go-programing-tour-book/library","time":1602737279755573300}
2020/10/15 13:17:37 {"callers":["/mnt/d/all.git/gocode/src/github.com/zhaopeilin1/go-excercise/practice/library/main.go:28 main.init.0"],"level":"info","message":"eddycjy: go-programing-tour-book/library","time":1602739057741029500}
2020/12/02 08:14:57 {"callers":["/mnt/d/all.git/gocode/src/github.com/zhaopeilin1/go-excercise/practice/library/main.go:28 main.init.0"],"level":"info","message":"eddycjy: go-programing-tour-book/library","time":1606868097920402600}
2020/12/02 21:30:53 {"callers":["/mnt/d/all.git/gocode/src/github.com/zhaopeilin1/go-excercise/practice/library/main.go:28 main.init.0"],"level":"info","message":"eddycjy: go-programing-tour-book/library","time":1606915853553046400}
2020/12/03 11:18:27 {"callers":["/mnt/d/all.git/gocode/src/github.com/zhaopeilin1/go-excercise/practice/library/main.go:28 main.init.0"],"level":"info","message":"eddycjy: go-programing-tour-book/library","time":1606965507312947800}
2020/12/06 15:58:14 {"callers":["/mnt/d/all.git/gocode/src/github.com/zhaopeilin1/go-excercise/practice/library/main.go:28 main.init.0"],"level":"info","message":"eddycjy: go-programing-tour-book/library","time":1607241494525591900}
