2020/12/07 16:27:53 {"callers":["/mnt/d/all.git/gocode/src/github.com/zhaopeilin1/go-excercise/practice/home-system/main.go:28 main.init.0"],"level":"info","message":"eddycjy: go-programing-tour-book/library","time":1607329673130167300}
2020/12/07 16:30:16 {"callers":["/mnt/d/all.git/gocode/src/github.com/zhaopeilin1/go-excercise/practice/home-system/main.go:28 main.init.0"],"level":"error","message":"svc.CheckAuth err: near \"andd\": syntax error","time":1607329816651898300}
2020/12/07 16:37:58 {"callers":["/mnt/d/all.git/gocode/src/github.com/zhaopeilin1/go-excercise/practice/home-system/main.go:28 main.init.0"],"level":"info","message":"eddycjy: go-programing-tour-book/library","time":1607330278880448100}
2020/12/07 16:38:44 {"callers":["/mnt/d/all.git/gocode/src/github.com/zhaopeilin1/go-excercise/practice/home-system/main.go:28 main.init.0"],"level":"info","message":"eddycjy: go-programing-tour-book/library","time":1607330324391151000}
2020/12/07 16:44:36 {"callers":["/mnt/d/all.git/gocode/src/github.com/zhaopeilin1/go-excercise/practice/home-system/main.go:28 main.init.0"],"level":"info","message":"eddycjy: go-programing-tour-book/library","time":1607330676458576200}
2020/12/07 16:45:47 {"callers":["/mnt/d/all.git/gocode/src/github.com/zhaopeilin1/go-excercise/practice/home-system/main.go:28 main.init.0"],"level":"error","message":"app.BindAndValid errs: ","time":1607330747930851800}
2020/12/07 16:46:06 {"callers":["/mnt/d/all.git/gocode/src/github.com/zhaopeilin1/go-excercise/practice/home-system/main.go:28 main.init.0"],"level":"error","message":"app.BindAndValid errs: ","time":1607330766219349400}
2020/12/07 16:47:00 {"callers":["/mnt/d/all.git/gocode/src/github.com/zhaopeilin1/go-excercise/practice/home-system/main.go:28 main.init.0"],"level":"error","message":"app.BindAndValid errs: ","time":1607330820858483900}
2020/12/07 16:47:18 {"callers":["/mnt/d/all.git/gocode/src/github.com/zhaopeilin1/go-excercise/practice/home-system/main.go:28 main.init.0"],"level":"error","message":"app.BindAndValid errs: ","time":1607330838614383000}
2020/12/07 16:47:29 {"callers":["/mnt/d/all.git/gocode/src/github.com/zhaopeilin1/go-excercise/practice/home-system/main.go:28 main.init.0"],"level":"error","message":"svc.CheckAuth err: near \"andd\": syntax error","time":1607330849414807500}
2020/12/07 16:48:38 {"callers":["/mnt/d/all.git/gocode/src/github.com/zhaopeilin1/go-excercise/practice/home-system/main.go:28 main.init.0"],"level":"info","message":"eddycjy: go-programing-tour-book/library","time":1607330918727960700}
2020/12/07 16:48:47 {"callers":["/mnt/d/all.git/gocode/src/github.com/zhaopeilin1/go-excercise/practice/home-system/main.go:28 main.init.0"],"level":"error","message":"svc.CheckAuth err: auth info does not exists.","time":1607330927540660800}
2020/12/07 16:48:48 {"callers":["/mnt/d/all.git/gocode/src/github.com/zhaopeilin1/go-excercise/practice/home-system/main.go:28 main.init.0"],"level":"error","message":"svc.CheckAuth err: auth info does not exists.","time":1607330928348496400}
2020/12/07 16:48:48 {"callers":["/mnt/d/all.git/gocode/src/github.com/zhaopeilin1/go-excercise/practice/home-system/main.go:28 main.init.0"],"level":"error","message":"svc.CheckAuth err: auth info does not exists.","time":1607330928582653300}
2020/12/07 16:48:56 {"callers":["/mnt/d/all.git/gocode/src/github.com/zhaopeilin1/go-excercise/practice/home-system/main.go:28 main.init.0"],"level":"error","message":"app.BindAndValid errs: ","time":1607330936523621700}
2020/12/07 16:49:29 {"callers":["/mnt/d/all.git/gocode/src/github.com/zhaopeilin1/go-excercise/practice/home-system/main.go:28 main.init.0"],"level":"info","message":"eddycjy: go-programing-tour-book/library","time":1607330969189653800}
2020/12/07 16:52:02 {"callers":["/mnt/d/all.git/gocode/src/github.com/zhaopeilin1/go-excercise/practice/home-system/main.go:28 main.init.0"],"level":"info","message":"eddycjy: go-programing-tour-book/library","time":1607331122660329500}
2020/12/07 16:52:19 {"callers":["/mnt/d/all.git/gocode/src/github.com/zhaopeilin1/go-excercise/practice/home-system/main.go:28 main.init.0"],"level":"error","message":"app.BindAndValid errs: ","time":1607331139437606800}
2020/12/07 16:52:39 {"callers":["/mnt/d/all.git/gocode/src/github.com/zhaopeilin1/go-excercise/practice/home-system/main.go:28 main.init.0"],"level":"error","message":"app.BindAndValid errs: ","time":1607331159880797900}
2020/12/07 16:56:44 {"callers":["/mnt/d/all.git/gocode/src/github.com/zhaopeilin1/go-excercise/practice/home-system/main.go:28 main.init.0"],"level":"info","message":"eddycjy: go-programing-tour-book/library","time":1607331404780281200}
2020/12/07 16:57:03 {"callers":["/mnt/d/all.git/gocode/src/github.com/zhaopeilin1/go-excercise/practice/home-system/main.go:28 main.init.0"],"level":"error","message":"app.GenerateToken err: key is of invalid type","time":1607331423514062600}
2020/12/07 17:04:35 {"callers":["/mnt/d/all.git/gocode/src/github.com/zhaopeilin1/go-excercise/practice/home-system/main.go:28 main.init.0"],"level":"info","message":"eddycjy: go-programing-tour-book/library","time":1607331875514166800}
2020/12/07 17:06:06 {"callers":["/mnt/d/all.git/gocode/src/github.com/zhaopeilin1/go-excercise/practice/home-system/main.go:28 main.init.0"],"level":"error","message":"app.GenerateToken err: key is of invalid type","time":1607331966170807700}
2020/12/07 17:10:51 {"callers":["/mnt/d/all.git/gocode/src/github.com/zhaopeilin1/go-excercise/practice/home-system/main.go:28 main.init.0"],"level":"info","message":"eddycjy: go-programing-tour-book/library","time":1607332251871346400}
2020/12/07 17:11:15 {"callers":["/mnt/d/all.git/gocode/src/github.com/zhaopeilin1/go-excercise/practice/home-system/main.go:28 main.init.0"],"level":"info","message":"appkey:home-systemappSecret:zhaopeilin","time":1607332275338853700}
2020/12/07 17:11:15 {"callers":["/mnt/d/all.git/gocode/src/github.com/zhaopeilin1/go-excercise/practice/home-system/main.go:28 main.init.0"],"level":"error","message":"app.GenerateToken err: key is of invalid type","time":1607332275339305600}
2020/12/07 18:08:56 {"callers":["/mnt/d/all.git/gocode/src/github.com/zhaopeilin1/go-excercise/practice/home-system/main.go:28 main.init.0"],"level":"info","message":"eddycjy: go-programing-tour-book/library","time":1607335736748749200}
2020/12/07 18:09:01 {"callers":["/mnt/d/all.git/gocode/src/github.com/zhaopeilin1/go-excercise/practice/home-system/main.go:28 main.init.0"],"level":"info","message":"appkey:home-systemappSecret:zhaopeilin","time":1607335741668068000}
2020/12/07 18:09:01 {"callers":["/mnt/d/all.git/gocode/src/github.com/zhaopeilin1/go-excercise/practice/home-system/main.go:28 main.init.0"],"level":"info","message":"global.JWTSetting.Secret:zhaopeilin","time":1607335741668170300}
2020/12/07 18:09:01 {"callers":["/mnt/d/all.git/gocode/src/github.com/zhaopeilin1/go-excercise/practice/home-system/main.go:28 main.init.0"],"level":"error","message":"app.GenerateToken err: key is of invalid type","time":1607335741668284200}
2020/12/07 18:09:02 {"callers":["/mnt/d/all.git/gocode/src/github.com/zhaopeilin1/go-excercise/practice/home-system/main.go:28 main.init.0"],"level":"info","message":"appkey:home-systemappSecret:zhaopeilin","time":1607335742963348600}
2020/12/07 18:09:02 {"callers":["/mnt/d/all.git/gocode/src/github.com/zhaopeilin1/go-excercise/practice/home-system/main.go:28 main.init.0"],"level":"info","message":"global.JWTSetting.Secret:zhaopeilin","time":1607335742963419700}
2020/12/07 18:09:02 {"callers":["/mnt/d/all.git/gocode/src/github.com/zhaopeilin1/go-excercise/practice/home-system/main.go:28 main.init.0"],"level":"error","message":"app.GenerateToken err: key is of invalid type","time":1607335742963463800}
2020/12/07 19:28:40 {"callers":["/mnt/d/all.git/gocode/src/github.com/zhaopeilin1/go-excercise/practice/home-system/main.go:28 main.init.0"],"level":"info","message":"eddycjy: go-programing-tour-book/library","time":1607340520165754600}
2020/12/07 19:29:17 {"callers":["/mnt/d/all.git/gocode/src/github.com/zhaopeilin1/go-excercise/practice/home-system/main.go:28 main.init.0"],"level":"info","message":"appkey:home-systemappSecret:zhaopeilin","time":1607340557378262900}
2020/12/07 19:29:17 {"callers":["/mnt/d/all.git/gocode/src/github.com/zhaopeilin1/go-excercise/practice/home-system/main.go:28 main.init.0"],"level":"info","message":"global.JWTSetting.Secret:zhaopeilin","time":1607340557378479700}
2020/12/07 19:29:17 {"callers":["/mnt/d/all.git/gocode/src/github.com/zhaopeilin1/go-excercise/practice/home-system/main.go:28 main.init.0"],"level":"error","message":"app.GenerateToken err: key is of invalid type","time":1607340557378792800}
2020/12/07 19:29:18 {"callers":["/mnt/d/all.git/gocode/src/github.com/zhaopeilin1/go-excercise/practice/home-system/main.go:28 main.init.0"],"level":"info","message":"appkey:home-systemappSecret:zhaopeilin","time":1607340558517925400}
2020/12/07 19:29:18 {"callers":["/mnt/d/all.git/gocode/src/github.com/zhaopeilin1/go-excercise/practice/home-system/main.go:28 main.init.0"],"level":"info","message":"global.JWTSetting.Secret:zhaopeilin","time":1607340558518029200}
2020/12/07 19:29:18 {"callers":["/mnt/d/all.git/gocode/src/github.com/zhaopeilin1/go-excercise/practice/home-system/main.go:28 main.init.0"],"level":"error","message":"app.GenerateToken err: key is of invalid type","time":1607340558518089700}
2020/12/07 19:37:41 {"callers":["/mnt/d/all.git/gocode/src/github.com/zhaopeilin1/go-excercise/practice/home-system/main.go:28 main.init.0"],"level":"info","message":"eddycjy: go-programing-tour-book/library","time":1607341061970197300}
2020/12/07 19:37:48 {"callers":["/mnt/d/all.git/gocode/src/github.com/zhaopeilin1/go-excercise/practice/home-system/main.go:28 main.init.0"],"level":"info","message":"appkey:home-systemappSecret:zhaopeilin","time":1607341068225862600}
2020/12/07 19:37:48 {"callers":["/mnt/d/all.git/gocode/src/github.com/zhaopeilin1/go-excercise/practice/home-system/main.go:28 main.init.0"],"level":"info","message":"global.JWTSetting.Secret:zhaopeilin","time":1607341068226135900}
2020/12/07 19:37:48 {"callers":["/mnt/d/all.git/gocode/src/github.com/zhaopeilin1/go-excercise/practice/home-system/main.go:28 main.init.0"],"level":"error","message":"app.GenerateToken err: key is of invalid type","time":1607341068226284600}
2020/12/07 19:37:49 {"callers":["/mnt/d/all.git/gocode/src/github.com/zhaopeilin1/go-excercise/practice/home-system/main.go:28 main.init.0"],"level":"info","message":"appkey:home-systemappSecret:zhaopeilin","time":1607341069507237500}
2020/12/07 19:37:49 {"callers":["/mnt/d/all.git/gocode/src/github.com/zhaopeilin1/go-excercise/practice/home-system/main.go:28 main.init.0"],"level":"info","message":"global.JWTSetting.Secret:zhaopeilin","time":1607341069507346400}
2020/12/07 19:37:49 {"callers":["/mnt/d/all.git/gocode/src/github.com/zhaopeilin1/go-excercise/practice/home-system/main.go:28 main.init.0"],"level":"error","message":"app.GenerateToken err: key is of invalid type","time":1607341069507390100}
2020/12/07 19:37:49 {"callers":["/mnt/d/all.git/gocode/src/github.com/zhaopeilin1/go-excercise/practice/home-system/main.go:28 main.init.0"],"level":"info","message":"appkey:home-systemappSecret:zhaopeilin","time":1607341069706492000}
2020/12/07 19:37:49 {"callers":["/mnt/d/all.git/gocode/src/github.com/zhaopeilin1/go-excercise/practice/home-system/main.go:28 main.init.0"],"level":"info","message":"global.JWTSetting.Secret:zhaopeilin","time":1607341069706606400}
2020/12/07 19:37:49 {"callers":["/mnt/d/all.git/gocode/src/github.com/zhaopeilin1/go-excercise/practice/home-system/main.go:28 main.init.0"],"level":"error","message":"app.GenerateToken err: key is of invalid type","time":1607341069706661200}
2020/12/07 19:37:49 {"callers":["/mnt/d/all.git/gocode/src/github.com/zhaopeilin1/go-excercise/practice/home-system/main.go:28 main.init.0"],"level":"info","message":"appkey:home-systemappSecret:zhaopeilin","time":1607341069889549800}
2020/12/07 19:37:49 {"callers":["/mnt/d/all.git/gocode/src/github.com/zhaopeilin1/go-excercise/practice/home-system/main.go:28 main.init.0"],"level":"info","message":"global.JWTSetting.Secret:zhaopeilin","time":1607341069889662800}
2020/12/07 19:37:49 {"callers":["/mnt/d/all.git/gocode/src/github.com/zhaopeilin1/go-excercise/practice/home-system/main.go:28 main.init.0"],"level":"error","message":"app.GenerateToken err: key is of invalid type","time":1607341069889719200}
2020/12/07 19:37:50 {"callers":["/mnt/d/all.git/gocode/src/github.com/zhaopeilin1/go-excercise/practice/home-system/main.go:28 main.init.0"],"level":"info","message":"appkey:home-systemappSecret:zhaopeilin","time":1607341070094443800}
2020/12/07 19:37:50 {"callers":["/mnt/d/all.git/gocode/src/github.com/zhaopeilin1/go-excercise/practice/home-system/main.go:28 main.init.0"],"level":"info","message":"global.JWTSetting.Secret:zhaopeilin","time":1607341070094552600}
2020/12/07 19:37:50 {"callers":["/mnt/d/all.git/gocode/src/github.com/zhaopeilin1/go-excercise/practice/home-system/main.go:28 main.init.0"],"level":"error","message":"app.GenerateToken err: key is of invalid type","time":1607341070094608100}
2020/12/07 19:37:50 {"callers":["/mnt/d/all.git/gocode/src/github.com/zhaopeilin1/go-excercise/practice/home-system/main.go:28 main.init.0"],"level":"info","message":"appkey:home-systemappSecret:zhaopeilin","time":1607341070658658200}
2020/12/07 19:37:50 {"callers":["/mnt/d/all.git/gocode/src/github.com/zhaopeilin1/go-excercise/practice/home-system/main.go:28 main.init.0"],"level":"info","message":"global.JWTSetting.Secret:zhaopeilin","time":1607341070658773800}
2020/12/07 19:37:50 {"callers":["/mnt/d/all.git/gocode/src/github.com/zhaopeilin1/go-excercise/practice/home-system/main.go:28 main.init.0"],"level":"error","message":"app.GenerateToken err: key is of invalid type","time":1607341070658843200}
2020/12/07 19:37:50 {"callers":["/mnt/d/all.git/gocode/src/github.com/zhaopeilin1/go-excercise/practice/home-system/main.go:28 main.init.0"],"level":"info","message":"appkey:home-systemappSecret:zhaopeilin","time":1607341070856173900}
2020/12/07 19:37:50 {"callers":["/mnt/d/all.git/gocode/src/github.com/zhaopeilin1/go-excercise/practice/home-system/main.go:28 main.init.0"],"level":"info","message":"global.JWTSetting.Secret:zhaopeilin","time":1607341070856229400}
2020/12/07 19:37:50 {"callers":["/mnt/d/all.git/gocode/src/github.com/zhaopeilin1/go-excercise/practice/home-system/main.go:28 main.init.0"],"level":"error","message":"app.GenerateToken err: key is of invalid type","time":1607341070856257000}
2020/12/07 19:37:51 {"callers":["/mnt/d/all.git/gocode/src/github.com/zhaopeilin1/go-excercise/practice/home-system/main.go:28 main.init.0"],"level":"info","message":"appkey:home-systemappSecret:zhaopeilin","time":1607341071046251200}
2020/12/07 19:37:51 {"callers":["/mnt/d/all.git/gocode/src/github.com/zhaopeilin1/go-excercise/practice/home-system/main.go:28 main.init.0"],"level":"info","message":"global.JWTSetting.Secret:zhaopeilin","time":1607341071046426300}
2020/12/07 19:37:51 {"callers":["/mnt/d/all.git/gocode/src/github.com/zhaopeilin1/go-excercise/practice/home-system/main.go:28 main.init.0"],"level":"error","message":"app.GenerateToken err: key is of invalid type","time":1607341071046487800}
2020/12/07 20:01:27 {"callers":["/mnt/d/all.git/gocode/src/github.com/zhaopeilin1/go-excercise/practice/home-system/main.go:28 main.init.0"],"level":"info","message":"eddycjy: go-programing-tour-book/library","time":1607342487090338700}
2020/12/07 20:02:11 {"callers":["/mnt/d/all.git/gocode/src/github.com/zhaopeilin1/go-excercise/practice/home-system/main.go:28 main.init.0"],"level":"info","message":"appkey:home-systemappSecret:zhaopeilin","time":1607342531056640100}
2020/12/07 20:59:04 {"callers":["/mnt/d/all.git/gocode/src/github.com/zhaopeilin1/go-excercise/practice/home-system/main.go:28 main.init.0"],"level":"info","message":"eddycjy: go-programing-tour-book/library","time":1607345944707632700}
2020/12/07 21:00:09 {"callers":["/mnt/d/all.git/gocode/src/github.com/zhaopeilin1/go-excercise/practice/home-system/main.go:28 main.init.0"],"level":"info","message":"eddycjy: go-programing-tour-book/library","time":1607346009030332700}
2020/12/07 21:00:30 {"callers":["/mnt/d/all.git/gocode/src/github.com/zhaopeilin1/go-excercise/practice/home-system/main.go:28 main.init.0"],"level":"info","message":"appkey:home-systemappSecret:zhaopeilin","time":1607346030492200100}
2020/12/07 21:45:31 {"callers":["/mnt/d/all.git/gocode/src/github.com/zhaopeilin1/go-excercise/practice/home-system/main.go:28 main.init.0"],"level":"error","message":"app.BindAndValid errs: AppKey为必填字段,AppSecret为必填字段","time":1607348731886605600}
2020/12/07 21:46:00 {"callers":["/mnt/d/all.git/gocode/src/github.com/zhaopeilin1/go-excercise/practice/home-system/main.go:28 main.init.0"],"level":"error","message":"app.BindAndValid errs: AppSecret为必填字段,AppKey为必填字段","time":1607348760217016600}
2020/12/07 21:48:13 {"callers":["/mnt/d/all.git/gocode/src/github.com/zhaopeilin1/go-excercise/practice/home-system/main.go:28 main.init.0"],"level":"error","message":"app.BindAndValid errs: AppKey为必填字段,AppSecret为必填字段","time":1607348893060095400}
2020/12/07 21:49:08 {"callers":["/mnt/d/all.git/gocode/src/github.com/zhaopeilin1/go-excercise/practice/home-system/main.go:28 main.init.0"],"level":"error","message":"app.BindAndValid errs: AppKey为必填字段,AppSecret为必填字段","time":1607348948785600500}
2020/12/07 21:53:41 {"callers":["/mnt/d/all.git/gocode/src/github.com/zhaopeilin1/go-excercise/practice/home-system/main.go:28 main.init.0"],"level":"error","message":"svc.CheckAuth err: auth info does not exists.","time":1607349221860898300}
2020/12/07 21:54:18 {"callers":["/mnt/d/all.git/gocode/src/github.com/zhaopeilin1/go-excercise/practice/home-system/main.go:28 main.init.0"],"level":"info","message":"appkey:home-systemappSecret:zhaopeilin","time":1607349258194735000}
2020/12/08 21:03:34 {"callers":["/mnt/d/all.git/gocode/src/github.com/zhaopeilin1/go-excercise/practice/home-system/main.go:28 main.init.0"],"level":"info","message":"appkey:home-systemappSecret:zhaopeilin","time":1607432614132167000}
2020/12/08 21:05:04 {"callers":["/mnt/d/all.git/gocode/src/github.com/zhaopeilin1/go-excercise/practice/home-system/main.go:28 main.init.0"],"level":"info","message":"appkey:home-systemappSecret:zhaopeilin","time":1607432704351560800}
2020/12/08 21:35:15 {"callers":["/mnt/d/all.git/gocode/src/github.com/zhaopeilin1/go-excercise/practice/home-system/main.go:28 main.init.0"],"level":"info","message":"eddycjy: go-programing-tour-book/library","time":1607434515734779400}
2020/12/08 21:37:31 {"callers":["/mnt/d/all.git/gocode/src/github.com/zhaopeilin1/go-excercise/practice/home-system/main.go:28 main.init.0"],"level":"error","message":"svc.CheckAuth err: auth info does not exists.","time":1607434651838175300}
2020/12/08 21:42:22 {"callers":["/mnt/d/all.git/gocode/src/github.com/zhaopeilin1/go-excercise/practice/home-system/main.go:28 main.init.0"],"level":"info","message":"eddycjy: go-programing-tour-book/library","time":1607434942057468800}
2020/12/08 21:42:35 {"callers":["/mnt/d/all.git/gocode/src/github.com/zhaopeilin1/go-excercise/practice/home-system/main.go:28 main.init.0"],"level":"info","message":"param:","time":1607434955675894000}
2020/12/08 21:42:35 {"callers":["/mnt/d/all.git/gocode/src/github.com/zhaopeilin1/go-excercise/practice/home-system/main.go:28 main.init.0"],"level":"error","message":"svc.CheckAuth err: auth info does not exists.","time":1607434955680229400}
2020/12/08 21:47:04 {"callers":["/mnt/d/all.git/gocode/src/github.com/zhaopeilin1/go-excercise/practice/home-system/main.go:28 main.init.0"],"level":"info","message":"param:zhaopeilinhome-system","time":1607435224404783600}
2020/12/08 21:47:04 {"callers":["/mnt/d/all.git/gocode/src/github.com/zhaopeilin1/go-excercise/practice/home-system/main.go:28 main.init.0"],"level":"info","message":"appkey:home-systemappSecret:zhaopeilin","time":1607435224409027000}
2020/12/08 21:47:20 {"callers":["/mnt/d/all.git/gocode/src/github.com/zhaopeilin1/go-excercise/practice/home-system/main.go:28 main.init.0"],"level":"info","message":"param:zhaopeilinhome-system","time":1607435240072059000}
2020/12/08 21:47:20 {"callers":["/mnt/d/all.git/gocode/src/github.com/zhaopeilin1/go-excercise/practice/home-system/main.go:28 main.init.0"],"level":"info","message":"appkey:home-systemappSecret:zhaopeilin","time":1607435240077360000}
2020/12/08 21:47:20 {"callers":["/mnt/d/all.git/gocode/src/github.com/zhaopeilin1/go-excercise/practice/home-system/main.go:28 main.init.0"],"level":"info","message":"param:zhaopeilinhome-system","time":1607435240796875200}
2020/12/08 21:47:20 {"callers":["/mnt/d/all.git/gocode/src/github.com/zhaopeilin1/go-excercise/practice/home-system/main.go:28 main.init.0"],"level":"info","message":"appkey:home-systemappSecret:zhaopeilin","time":1607435240804104600}
2020/12/08 21:47:27 {"callers":["/mnt/d/all.git/gocode/src/github.com/zhaopeilin1/go-excercise/practice/home-system/main.go:28 main.init.0"],"level":"info","message":"param:zhaopeilinhome-system","time":1607435247643649400}
2020/12/08 21:47:27 {"callers":["/mnt/d/all.git/gocode/src/github.com/zhaopeilin1/go-excercise/practice/home-system/main.go:28 main.init.0"],"level":"info","message":"appkey:home-systemappSecret:zhaopeilin","time":1607435247647091500}
2020/12/08 21:47:28 {"callers":["/mnt/d/all.git/gocode/src/github.com/zhaopeilin1/go-excercise/practice/home-system/main.go:28 main.init.0"],"level":"info","message":"param:zhaopeilinhome-system","time":1607435248322915700}
2020/12/08 21:47:28 {"callers":["/mnt/d/all.git/gocode/src/github.com/zhaopeilin1/go-excercise/practice/home-system/main.go:28 main.init.0"],"level":"info","message":"appkey:home-systemappSecret:zhaopeilin","time":1607435248326658400}
2020/12/08 21:47:28 {"callers":["/mnt/d/all.git/gocode/src/github.com/zhaopeilin1/go-excercise/practice/home-system/main.go:28 main.init.0"],"level":"info","message":"param:zhaopeilinhome-system","time":1607435248833010400}
2020/12/08 21:47:28 {"callers":["/mnt/d/all.git/gocode/src/github.com/zhaopeilin1/go-excercise/practice/home-system/main.go:28 main.init.0"],"level":"info","message":"appkey:home-systemappSecret:zhaopeilin","time":1607435248836060800}
2020/12/08 21:47:29 {"callers":["/mnt/d/all.git/gocode/src/github.com/zhaopeilin1/go-excercise/practice/home-system/main.go:28 main.init.0"],"level":"info","message":"param:zhaopeilinhome-system","time":1607435249517310900}
2020/12/08 21:47:29 {"callers":["/mnt/d/all.git/gocode/src/github.com/zhaopeilin1/go-excercise/practice/home-system/main.go:28 main.init.0"],"level":"info","message":"appkey:home-systemappSecret:zhaopeilin","time":1607435249520784800}
2020/12/08 21:47:31 {"callers":["/mnt/d/all.git/gocode/src/github.com/zhaopeilin1/go-excercise/practice/home-system/main.go:28 main.init.0"],"level":"info","message":"param:zhaopeilinhome-system","time":1607435251161196500}
2020/12/08 21:47:31 {"callers":["/mnt/d/all.git/gocode/src/github.com/zhaopeilin1/go-excercise/practice/home-system/main.go:28 main.init.0"],"level":"info","message":"appkey:home-systemappSecret:zhaopeilin","time":1607435251164652600}
2020/12/08 21:47:31 {"callers":["/mnt/d/all.git/gocode/src/github.com/zhaopeilin1/go-excercise/practice/home-system/main.go:28 main.init.0"],"level":"info","message":"param:zhaopeilinhome-system","time":1607435251846896900}
2020/12/08 21:47:31 {"callers":["/mnt/d/all.git/gocode/src/github.com/zhaopeilin1/go-excercise/practice/home-system/main.go:28 main.init.0"],"level":"info","message":"appkey:home-systemappSecret:zhaopeilin","time":1607435251850819100}
2020/12/08 21:47:36 {"callers":["/mnt/d/all.git/gocode/src/github.com/zhaopeilin1/go-excercise/practice/home-system/main.go:28 main.init.0"],"level":"info","message":"param:zhaopeilinhome-system","time":1607435256820655100}
2020/12/08 21:47:36 {"callers":["/mnt/d/all.git/gocode/src/github.com/zhaopeilin1/go-excercise/practice/home-system/main.go:28 main.init.0"],"level":"info","message":"appkey:home-systemappSecret:zhaopeilin","time":1607435256827233300}
2020/12/08 21:47:41 {"callers":["/mnt/d/all.git/gocode/src/github.com/zhaopeilin1/go-excercise/practice/home-system/main.go:28 main.init.0"],"level":"info","message":"param:zhaopeilinhome-system","time":1607435261227177900}
2020/12/08 21:47:41 {"callers":["/mnt/d/all.git/gocode/src/github.com/zhaopeilin1/go-excercise/practice/home-system/main.go:28 main.init.0"],"level":"info","message":"appkey:home-systemappSecret:zhaopeilin","time":1607435261231360000}
2020/12/08 21:49:58 {"callers":["/mnt/d/all.git/gocode/src/github.com/zhaopeilin1/go-excercise/practice/home-system/main.go:28 main.init.0"],"level":"info","message":"param:zhaopeilinhome-system","time":1607435398112967200}
2020/12/08 21:49:58 {"callers":["/mnt/d/all.git/gocode/src/github.com/zhaopeilin1/go-excercise/practice/home-system/main.go:28 main.init.0"],"level":"info","message":"appkey:home-systemappSecret:zhaopeilin","time":1607435398122285100}
2020/12/08 22:02:47 {"callers":["/mnt/d/all.git/gocode/src/github.com/zhaopeilin1/go-excercise/practice/home-system/main.go:28 main.init.0"],"level":"info","message":"eddycjy: go-programing-tour-book/library","time":1607436167436847200}
